Using pre-set license

 COMMAND LINE ARGUMENTS:
/Applications/Unity/Hub/Editor/2020.3.1f1/Unity.app/Contents/MacOS/Unity
-adb2
-batchMode
-noUpm
-name
AssetImportWorker0
-projectPath
/Users/nicorotolo/Downloads/FaceChat/Font Classification/FontClassificationTest
-logFile
Logs/AssetImportWorker0.log
-srvPort
49363
Successfully changed project path to: /Users/nicorotolo/Downloads/FaceChat/Font Classification/FontClassificationTest
/Users/nicorotolo/Downloads/FaceChat/Font Classification/FontClassificationTest
Using Asset Import Pipeline V2.
Refreshing native plugins compatible for Editor in 42.90 ms, found 2 plugins.
Preloading 0 native plugins for Editor in 0.00 ms.
Initialize engine version: 2020.3.1f1 (77a89f25062f)
[Subsystems] Discovering subsystems at path /Applications/Unity/Hub/Editor/2020.3.1f1/Unity.app/Contents/Resources/UnitySubsystems
[Subsystems] Discovering subsystems at path /Users/nicorotolo/Downloads/FaceChat/Font Classification/FontClassificationTest/Assets
GfxDevice: creating device client; threaded=0
2021-09-02 12:49:24.384 Unity[902:13003] HL229DPB preferred device: Intel(R) Iris(TM) Plus Graphics (low power)
2021-09-02 12:49:24.384 Unity[902:13003] Metal devices available: 1
2021-09-02 12:49:24.384 Unity[902:13003] 0: Intel(R) Iris(TM) Plus Graphics (low power)
2021-09-02 12:49:24.384 Unity[902:13003] Using device Intel(R) Iris(TM) Plus Graphics (low power)
Initializing Metal device caps: Intel(R) Iris(TM) Plus Graphics
Initialize mono
Mono path[0] = '/Applications/Unity/Hub/Editor/2020.3.1f1/Unity.app/Contents/Managed'
Mono path[1] = '/Applications/Unity/Hub/Editor/2020.3.1f1/Unity.app/Contents/MonoBleedingEdge/lib/mono/unityjit'
Mono config path = '/Applications/Unity/Hub/Editor/2020.3.1f1/Unity.app/Contents/MonoBleedingEdge/etc'
Using monoOptions --debugger-agent=transport=dt_socket,embedding=1,server=y,suspend=n,address=127.0.0.1:56902
Begin MonoManager ReloadAssembly
Registering precompiled unity dll's ...
Register platform support module: /Applications/Unity/Hub/Editor/2020.3.1f1/PlaybackEngines/WebGLSupport/UnityEditor.WebGL.Extensions.dll
Register platform support module: /Applications/Unity/Hub/Editor/2020.3.1f1/Unity.app/Contents/PlaybackEngines/MacStandaloneSupport/UnityEditor.OSXStandalone.Extensions.dll
Register platform support module: /Applications/Unity/Hub/Editor/2020.3.1f1/PlaybackEngines/WindowsStandaloneSupport/UnityEditor.WindowsStandalone.Extensions.dll
Register platform support module: /Applications/Unity/Hub/Editor/2020.3.1f1/PlaybackEngines/LinuxStandaloneSupport/UnityEditor.LinuxStandalone.Extensions.dll
Registered in 0.001129 seconds.
Native extension for LinuxStandalone target not found
Native extension for WindowsStandalone target not found
Native extension for OSXStandalone target not found
Native extension for WebGL target not found
Refreshing native plugins compatible for Editor in 55.24 ms, found 2 plugins.
Preloading 0 native plugins for Editor in 0.00 ms.
Invoked RoslynAnalysisRunner static constructor.
RoslynAnalysisRunner will not be running.
RoslynAnalysisRunner has terminated.
Mono: successfully reloaded assembly
- Completed reload, in  4.065 seconds
Platform modules already initialized, skipping
Registering precompiled user dll's ...
Registered in 0.001217 seconds.
Begin MonoManager ReloadAssembly
Native extension for LinuxStandalone target not found
Native extension for WindowsStandalone target not found
Native extension for OSXStandalone target not found
Native extension for WebGL target not found
Refreshing native plugins compatible for Editor in 84.77 ms, found 2 plugins.
Preloading 0 native plugins for Editor in 0.00 ms.
Invoked RoslynAnalysisRunner static constructor.
RoslynAnalysisRunner will not be running.
RoslynAnalysisRunner has terminated.
Mono: successfully reloaded assembly
- Completed reload, in  1.798 seconds
Platform modules already initialized, skipping
========================================================================
Worker process is ready to serve import requests
Launching external process: /Applications/Unity/Hub/Editor/2020.3.1f1/Unity.app/Contents/Tools/UnityShaderCompiler
Launched and connected shader compiler UnityShaderCompiler after 0.02 seconds
Refreshing native plugins compatible for Editor in 0.50 ms, found 2 plugins.
Preloading 0 native plugins for Editor in 0.00 ms.
Unloading 1826 Unused Serialized files (Serialized files now loaded: 0)
System memory in use before: 155.3 MB.
System memory in use after: 155.3 MB.

Unloading 26 unused Assets to reduce memory usage. Loaded Objects now: 2268.
Total: 3.639797 ms (FindLiveObjects: 0.385835 ms CreateObjectMapping: 0.147461 ms MarkObjects: 2.901329 ms  DeleteObjects: 0.202516 ms)

========================================================================
Received Import Request.
  path: Assets/Scripts/PixelHandler.cs
  artifactKey: Guid(efa1298b8429944be9a5cb829711736a) Importer(815301076,1909f56bfc062723c751e8b465ee728b)
Start importing Assets/Scripts/PixelHandler.cs using Guid(efa1298b8429944be9a5cb829711736a) Importer(815301076,1909f56bfc062723c751e8b465ee728b)  -> (artifact id: '862484bf5477a4f27375a53bff7bcec7') in 0.466332 seconds
  Import took 0.471356 seconds .

========================================================================
Received Prepare
Registering precompiled user dll's ...
Registered in 0.001074 seconds.
Begin MonoManager ReloadAssembly
Native extension for LinuxStandalone target not found
Native extension for WindowsStandalone target not found
Native extension for OSXStandalone target not found
Native extension for WebGL target not found
Refreshing native plugins compatible for Editor in 0.51 ms, found 2 plugins.
Preloading 0 native plugins for Editor in 0.00 ms.
Invoked RoslynAnalysisRunner static constructor.
RoslynAnalysisRunner will not be running.
RoslynAnalysisRunner has terminated.
Mono: successfully reloaded assembly
- Completed reload, in  1.393 seconds
Platform modules already initialized, skipping
Refreshing native plugins compatible for Editor in 0.41 ms, found 2 plugins.
Preloading 0 native plugins for Editor in 0.00 ms.
Unloading 1808 Unused Serialized files (Serialized files now loaded: 0)
System memory in use before: 158.7 MB.
System memory in use after: 158.6 MB.

Unloading 14 unused Assets to reduce memory usage. Loaded Objects now: 2272.
Total: 1.946084 ms (FindLiveObjects: 0.240413 ms CreateObjectMapping: 0.071820 ms MarkObjects: 1.521606 ms  DeleteObjects: 0.110840 ms)

========================================================================
Received Prepare
Registering precompiled user dll's ...
Registered in 0.000924 seconds.
Begin MonoManager ReloadAssembly
Native extension for LinuxStandalone target not found
Native extension for WindowsStandalone target not found
Native extension for OSXStandalone target not found
Native extension for WebGL target not found
Refreshing native plugins compatible for Editor in 0.37 ms, found 2 plugins.
Preloading 0 native plugins for Editor in 0.00 ms.
Invoked RoslynAnalysisRunner static constructor.
RoslynAnalysisRunner will not be running.
RoslynAnalysisRunner has terminated.
Mono: successfully reloaded assembly
- Completed reload, in  1.273 seconds
Platform modules already initialized, skipping
Refreshing native plugins compatible for Editor in 0.54 ms, found 2 plugins.
Preloading 0 native plugins for Editor in 0.00 ms.
Unloading 1808 Unused Serialized files (Serialized files now loaded: 0)
System memory in use before: 158.9 MB.
System memory in use after: 158.9 MB.

Unloading 14 unused Assets to reduce memory usage. Loaded Objects now: 2276.
Total: 2.787419 ms (FindLiveObjects: 0.365972 ms CreateObjectMapping: 0.089179 ms MarkObjects: 2.185501 ms  DeleteObjects: 0.144651 ms)

========================================================================
Received Import Request.
  Time since last request: 597.872897 seconds.
  path: Assets/Scripts/PixelsHandler.cs
  artifactKey: Guid(2d1b3e2100f884b9d9cb803925a9a399) Importer(815301076,1909f56bfc062723c751e8b465ee728b)
Start importing Assets/Scripts/PixelsHandler.cs using Guid(2d1b3e2100f884b9d9cb803925a9a399) Importer(815301076,1909f56bfc062723c751e8b465ee728b)  -> (artifact id: 'd032192e22bf04ab7032a490d02b7922') in 0.006199 seconds
  Import took 0.010090 seconds .

========================================================================
Received Import Request.
  Time since last request: 0.040039 seconds.
  path: Assets/Scripts/PixelsHandler.cs
  artifactKey: Guid(2d1b3e2100f884b9d9cb803925a9a399) Importer(815301076,1909f56bfc062723c751e8b465ee728b)
Start importing Assets/Scripts/PixelsHandler.cs using Guid(2d1b3e2100f884b9d9cb803925a9a399) Importer(815301076,1909f56bfc062723c751e8b465ee728b)  -> (artifact id: 'd032192e22bf04ab7032a490d02b7922') in 0.002032 seconds
  Import took 0.006891 seconds .

========================================================================
Received Import Request.
  Time since last request: 0.087998 seconds.
  path: Assets/Scripts/PredictionClient.cs
  artifactKey: Guid(e897de29c30c9ea4b8ec52c74328904a) Importer(815301076,1909f56bfc062723c751e8b465ee728b)
Start importing Assets/Scripts/PredictionClient.cs using Guid(e897de29c30c9ea4b8ec52c74328904a) Importer(815301076,1909f56bfc062723c751e8b465ee728b)  -> (artifact id: '7b5e2b82c66383d7209e71fd9936ce19') in 0.002587 seconds
  Import took 0.006121 seconds .

========================================================================
Received Import Request.
  Time since last request: 0.002714 seconds.
  path: Assets/Scripts/PredictionClient.cs
  artifactKey: Guid(e897de29c30c9ea4b8ec52c74328904a) Importer(815301076,1909f56bfc062723c751e8b465ee728b)
Start importing Assets/Scripts/PredictionClient.cs using Guid(e897de29c30c9ea4b8ec52c74328904a) Importer(815301076,1909f56bfc062723c751e8b465ee728b)  -> (artifact id: '7b5e2b82c66383d7209e71fd9936ce19') in 0.002221 seconds
  Import took 0.007253 seconds .

========================================================================
Received Import Request.
  Time since last request: 0.469353 seconds.
  path: Assets/Scripts/PredictionRequester.cs
  artifactKey: Guid(a9f1f5f9970743f9a5870e2b4c2dc098) Importer(815301076,1909f56bfc062723c751e8b465ee728b)
Start importing Assets/Scripts/PredictionRequester.cs using Guid(a9f1f5f9970743f9a5870e2b4c2dc098) Importer(815301076,1909f56bfc062723c751e8b465ee728b)  -> (artifact id: '821b11327e31d353fb0a762ac22f09e8') in 0.003806 seconds
  Import took 0.007673 seconds .

========================================================================
Received Import Request.
  Time since last request: 0.003811 seconds.
  path: Assets/Scripts/PredictionRequester.cs
  artifactKey: Guid(a9f1f5f9970743f9a5870e2b4c2dc098) Importer(815301076,1909f56bfc062723c751e8b465ee728b)
Start importing Assets/Scripts/PredictionRequester.cs using Guid(a9f1f5f9970743f9a5870e2b4c2dc098) Importer(815301076,1909f56bfc062723c751e8b465ee728b)  -> (artifact id: '821b11327e31d353fb0a762ac22f09e8') in 0.002172 seconds
  Import took 0.006063 seconds .

========================================================================
Received Import Request.
  Time since last request: 253.501253 seconds.
  path: Assets/NetMQExample
  artifactKey: Guid(b6a1502fe604844f998bcd345863c65e) Importer(815301076,1909f56bfc062723c751e8b465ee728b)
Start importing Assets/NetMQExample using Guid(b6a1502fe604844f998bcd345863c65e) Importer(815301076,1909f56bfc062723c751e8b465ee728b)  -> (artifact id: '5eb60d74e8f8b94f845951272ac236c0') in 0.002325 seconds
  Import took 0.006238 seconds .

========================================================================
Received Prepare
Registering precompiled user dll's ...
Registered in 0.001101 seconds.
Begin MonoManager ReloadAssembly
Native extension for LinuxStandalone target not found
Native extension for WindowsStandalone target not found
Native extension for OSXStandalone target not found
Native extension for WebGL target not found
Refreshing native plugins compatible for Editor in 0.51 ms, found 2 plugins.
Preloading 0 native plugins for Editor in 0.00 ms.
Invoked RoslynAnalysisRunner static constructor.
RoslynAnalysisRunner will not be running.
RoslynAnalysisRunner has terminated.
Mono: successfully reloaded assembly
- Completed reload, in  1.238 seconds
Platform modules already initialized, skipping
Refreshing native plugins compatible for Editor in 0.33 ms, found 2 plugins.
Preloading 0 native plugins for Editor in 0.00 ms.
Unloading 1808 Unused Serialized files (Serialized files now loaded: 0)
System memory in use before: 159.1 MB.
System memory in use after: 159.1 MB.

Unloading 14 unused Assets to reduce memory usage. Loaded Objects now: 2280.
Total: 2.319291 ms (FindLiveObjects: 0.238869 ms CreateObjectMapping: 0.063679 ms MarkObjects: 1.900990 ms  DeleteObjects: 0.114183 ms)

========================================================================
Received Prepare
Registering precompiled user dll's ...
Registered in 0.001093 seconds.
Begin MonoManager ReloadAssembly
Native extension for LinuxStandalone target not found
Native extension for WindowsStandalone target not found
Native extension for OSXStandalone target not found
Native extension for WebGL target not found
Refreshing native plugins compatible for Editor in 0.34 ms, found 2 plugins.
Preloading 0 native plugins for Editor in 0.00 ms.
Invoked RoslynAnalysisRunner static constructor.
RoslynAnalysisRunner will not be running.
RoslynAnalysisRunner has terminated.
Mono: successfully reloaded assembly
- Completed reload, in  1.196 seconds
Platform modules already initialized, skipping
Refreshing native plugins compatible for Editor in 0.48 ms, found 2 plugins.
Preloading 0 native plugins for Editor in 0.00 ms.
Unloading 1808 Unused Serialized files (Serialized files now loaded: 0)
System memory in use before: 159.3 MB.
System memory in use after: 159.3 MB.

Unloading 14 unused Assets to reduce memory usage. Loaded Objects now: 2284.
Total: 2.644677 ms (FindLiveObjects: 0.228905 ms CreateObjectMapping: 0.077149 ms MarkObjects: 2.193163 ms  DeleteObjects: 0.144216 ms)

